app/build/intermediates/manifest_merge_blame_file/debug/manifest-merger-blame-debug-report.txt
1<?xml version="1.0" encoding="utf-8"?>
2<manifest xmlns:android="http://schemas.android.com/apk/res/android"
3    package="com.mianasad.chatsapp"
4    android:versionCode="1"
5    android:versionName="1.0" >
6
7    <uses-sdk
8        android:minSdkVersion="21"
8-->src/main/AndroidManifest.xml
9        android:targetSdkVersion="30" />
9-->src/main/AndroidManifest.xml
10
11    <uses-permission android:name="android.permission.CAMERA" />
11-->src/main/AndroidManifest.xml:5:5-65
11-->src/main/AndroidManifest.xml:5:22-62
12    <uses-permission android:name="android.permission.INTERNET" />
12-->[com.github.OMARIHAMZA:StoryView:1.0.2-alpha] AndroidManifest.xml:11:5-67
12-->[com.github.OMARIHAMZA:StoryView:1.0.2-alpha] AndroidManifest.xml:11:22-64
13    <uses-permission android:name="android.permission.ACCESS_NETWORK_STATE" />
13-->[com.google.firebase:firebase-auth:21.0.1] AndroidManifest.xml:24:5-79
13-->[com.google.firebase:firebase-auth:21.0.1] AndroidManifest.xml:24:22-76
14    <uses-permission android:name="android.permission.WAKE_LOCK" /> <!-- Required by older versions of Google Play services to create IID tokens -->
14-->[com.google.firebase:firebase-messaging:22.0.0] AndroidManifest.xml:23:5-68
14-->[com.google.firebase:firebase-messaging:22.0.0] AndroidManifest.xml:23:22-65
15    <uses-permission android:name="com.google.android.c2dm.permission.RECEIVE" />
15-->[com.google.firebase:firebase-messaging:22.0.0] AndroidManifest.xml:25:5-82
15-->[com.google.firebase:firebase-messaging:22.0.0] AndroidManifest.xml:25:22-79
16    <uses-permission android:name="com.google.android.finsky.permission.BIND_GET_INSTALL_REFERRER_SERVICE" />
16-->[com.google.android.gms:play-services-measurement:19.0.0] AndroidManifest.xml:26:5-110
16-->[com.google.android.gms:play-services-measurement:19.0.0] AndroidManifest.xml:26:22-107
17
18    <application
18-->src/main/AndroidManifest.xml:7:5-59:19
19        android:allowBackup="true"
19-->src/main/AndroidManifest.xml:8:9-35
20        android:appComponentFactory="androidx.core.app.CoreComponentFactory"
20-->[androidx.core:core:1.3.2] AndroidManifest.xml:24:18-86
21        android:debuggable="true"
22        android:icon="@mipmap/ic_launcher"
22-->src/main/AndroidManifest.xml:9:9-43
23        android:label="@string/app_name"
23-->src/main/AndroidManifest.xml:10:9-41
24        android:roundIcon="@mipmap/ic_launcher_round"
24-->src/main/AndroidManifest.xml:11:9-54
25        android:supportsRtl="true"
25-->src/main/AndroidManifest.xml:12:9-35
26        android:testOnly="true"
27        android:theme="@style/Theme.ChatsApp"
27-->src/main/AndroidManifest.xml:13:9-46
28        android:usesCleartextTraffic="true" >
28-->src/main/AndroidManifest.xml:14:9-44
29        <activity android:name="com.mianasad.chatsapp.Activities.GroupChatActivity" />
29-->src/main/AndroidManifest.xml:15:9-75
29-->src/main/AndroidManifest.xml:15:19-63
30        <activity
30-->src/main/AndroidManifest.xml:16:9-18:65
31            android:name="com.mianasad.chatsapp.Activities.ChatActivity"
31-->src/main/AndroidManifest.xml:17:13-52
32            android:theme="@style/Theme.ChatsApp.NoActionBar" />
32-->src/main/AndroidManifest.xml:18:13-62
33        <activity android:name="com.mianasad.chatsapp.Activities.SetupProfileActivity" />
33-->src/main/AndroidManifest.xml:19:9-69
33-->src/main/AndroidManifest.xml:19:19-66
34        <activity
34-->src/main/AndroidManifest.xml:20:9-22:58
35            android:name="com.mianasad.chatsapp.Activities.OTPActivity"
35-->src/main/AndroidManifest.xml:21:13-51
36            android:windowSoftInputMode="stateVisible" />
36-->src/main/AndroidManifest.xml:22:13-55
37        <activity
37-->src/main/AndroidManifest.xml:23:9-31:20
38            android:name="com.mianasad.chatsapp.Activities.PhoneNumberActivity"
38-->src/main/AndroidManifest.xml:24:13-59
39            android:windowSoftInputMode="stateVisible" >
39-->src/main/AndroidManifest.xml:25:13-55
40            <intent-filter>
40-->src/main/AndroidManifest.xml:26:13-30:29
41                <action android:name="android.intent.action.MAIN" />
41-->src/main/AndroidManifest.xml:27:17-69
41-->src/main/AndroidManifest.xml:27:25-66
42
43                <category android:name="android.intent.category.LAUNCHER" />
43-->src/main/AndroidManifest.xml:29:17-77
43-->src/main/AndroidManifest.xml:29:27-74
44            </intent-filter>
45        </activity>
46        <activity
46-->src/main/AndroidManifest.xml:32:9-34:63
47            android:name="com.mianasad.chatsapp.Activities.MainActivity"
47-->src/main/AndroidManifest.xml:33:13-52
48            android:windowSoftInputMode="stateAlwaysHidden" />
48-->src/main/AndroidManifest.xml:34:13-60
49
50        <meta-data
50-->src/main/AndroidManifest.xml:36:9-38:57
51            android:name="preloaded_fonts"
51-->src/main/AndroidManifest.xml:37:13-43
52            android:resource="@array/preloaded_fonts" />
52-->src/main/AndroidManifest.xml:38:13-54
53
54        <!--
55     Set custom default icon. This is used when no icon is set for incoming notification messages.
56     See README(https://goo.gl/l4GJaQ) for more.
57        -->
58        <meta-data
58-->src/main/AndroidManifest.xml:42:9-44:52
59            android:name="com.google.firebase.messaging.default_notification_icon"
59-->src/main/AndroidManifest.xml:43:13-83
60            android:resource="@drawable/ic_send" />
60-->src/main/AndroidManifest.xml:44:13-49
61        <!--
62             Set color used with incoming notification messages. This is used when no color is set for the incoming
63             notification message. See README(https://goo.gl/6BKBk7) for more.
64        -->
65        <meta-data
65-->src/main/AndroidManifest.xml:47:9-49:47
66            android:name="com.google.firebase.messaging.default_notification_color"
66-->src/main/AndroidManifest.xml:48:13-84
67            android:resource="@color/green" />
67-->src/main/AndroidManifest.xml:49:13-44
68
69        <service
69-->src/main/AndroidManifest.xml:51:9-57:19
70            android:name="com.mianasad.chatsapp.MyFirstbaseService"
70-->src/main/AndroidManifest.xml:52:13-47
71            android:exported="false" >
71-->src/main/AndroidManifest.xml:53:13-37
72            <intent-filter>
72-->src/main/AndroidManifest.xml:54:13-56:29
73                <action android:name="com.google.firebase.MESSAGING_EVENT" />
73-->src/main/AndroidManifest.xml:55:17-78
73-->src/main/AndroidManifest.xml:55:25-75
74            </intent-filter>
75        </service>
76
77        <activity
77-->[com.google.firebase:firebase-auth:21.0.1] AndroidManifest.xml:27:9-44:20
78            android:name="com.google.firebase.auth.internal.GenericIdpActivity"
78-->[com.google.firebase:firebase-auth:21.0.1] AndroidManifest.xml:28:13-80
79            android:excludeFromRecents="true"
79-->[com.google.firebase:firebase-auth:21.0.1] AndroidManifest.xml:29:13-46
80            android:exported="true"
80-->[com.google.firebase:firebase-auth:21.0.1] AndroidManifest.xml:30:13-36
81            android:launchMode="singleTask"
81-->[com.google.firebase:firebase-auth:21.0.1] AndroidManifest.xml:31:13-44
82            android:theme="@android:style/Theme.Translucent.NoTitleBar" >
82-->[com.google.firebase:firebase-auth:21.0.1] AndroidManifest.xml:32:13-72
83            <intent-filter>
83-->[com.google.firebase:firebase-auth:21.0.1] AndroidManifest.xml:33:13-43:29
84                <action android:name="android.intent.action.VIEW" />
84-->[com.google.firebase:firebase-auth:21.0.1] AndroidManifest.xml:34:17-69
84-->[com.google.firebase:firebase-auth:21.0.1] AndroidManifest.xml:34:25-66
85
86                <category android:name="android.intent.category.DEFAULT" />
86-->[com.google.firebase:firebase-auth:21.0.1] AndroidManifest.xml:36:17-76
86-->[com.google.firebase:firebase-auth:21.0.1] AndroidManifest.xml:36:27-73
87                <category android:name="android.intent.category.BROWSABLE" />
87-->[com.google.firebase:firebase-auth:21.0.1] AndroidManifest.xml:37:17-78
87-->[com.google.firebase:firebase-auth:21.0.1] AndroidManifest.xml:37:27-75
88
89                <data
89-->[com.google.firebase:firebase-auth:21.0.1] AndroidManifest.xml:39:17-42:51
90                    android:host="firebase.auth"
90-->[com.google.firebase:firebase-auth:21.0.1] AndroidManifest.xml:40:21-49
91                    android:path="/"
91-->[com.google.firebase:firebase-auth:21.0.1] AndroidManifest.xml:41:21-37
92                    android:scheme="genericidp" />
92-->[com.google.firebase:firebase-auth:21.0.1] AndroidManifest.xml:42:21-48
93            </intent-filter>
94        </activity>
95        <activity
95-->[com.google.firebase:firebase-auth:21.0.1] AndroidManifest.xml:45:9-62:20
96            android:name="com.google.firebase.auth.internal.RecaptchaActivity"
96-->[com.google.firebase:firebase-auth:21.0.1] AndroidManifest.xml:46:13-79
97            android:excludeFromRecents="true"
97-->[com.google.firebase:firebase-auth:21.0.1] AndroidManifest.xml:47:13-46
98            android:exported="true"
98-->[com.google.firebase:firebase-auth:21.0.1] AndroidManifest.xml:48:13-36
99            android:launchMode="singleTask"
99-->[com.google.firebase:firebase-auth:21.0.1] AndroidManifest.xml:49:13-44
100            android:theme="@android:style/Theme.Translucent.NoTitleBar" >
100-->[com.google.firebase:firebase-auth:21.0.1] AndroidManifest.xml:50:13-72
101            <intent-filter>
101-->[com.google.firebase:firebase-auth:21.0.1] AndroidManifest.xml:51:13-61:29
102                <action android:name="android.intent.action.VIEW" />
102-->[com.google.firebase:firebase-auth:21.0.1] AndroidManifest.xml:34:17-69
102-->[com.google.firebase:firebase-auth:21.0.1] AndroidManifest.xml:34:25-66
103
104                <category android:name="android.intent.category.DEFAULT" />
104-->[com.google.firebase:firebase-auth:21.0.1] AndroidManifest.xml:36:17-76
104-->[com.google.firebase:firebase-auth:21.0.1] AndroidManifest.xml:36:27-73
105                <category android:name="android.intent.category.BROWSABLE" />
105-->[com.google.firebase:firebase-auth:21.0.1] AndroidManifest.xml:37:17-78
105-->[com.google.firebase:firebase-auth:21.0.1] AndroidManifest.xml:37:27-75
106
107                <data
107-->[com.google.firebase:firebase-auth:21.0.1] AndroidManifest.xml:39:17-42:51
108                    android:host="firebase.auth"
108-->[com.google.firebase:firebase-auth:21.0.1] AndroidManifest.xml:40:21-49
109                    android:path="/"
109-->[com.google.firebase:firebase-auth:21.0.1] AndroidManifest.xml:41:21-37
110                    android:scheme="recaptcha" />
110-->[com.google.firebase:firebase-auth:21.0.1] AndroidManifest.xml:42:21-48
111            </intent-filter>
112        </activity>
113
114        <service
114-->[com.google.firebase:firebase-auth:21.0.1] AndroidManifest.xml:64:9-73:19
115            android:name="com.google.firebase.auth.api.fallback.service.FirebaseAuthFallbackService"
115-->[com.google.firebase:firebase-auth:21.0.1] AndroidManifest.xml:65:13-101
116            android:enabled="true"
116-->[com.google.firebase:firebase-auth:21.0.1] AndroidManifest.xml:66:13-35
117            android:exported="false" >
117-->[com.google.firebase:firebase-auth:21.0.1] AndroidManifest.xml:67:13-37
118            <intent-filter>
118-->[com.google.firebase:firebase-auth:21.0.1] AndroidManifest.xml:68:13-72:29
119                <action android:name="com.google.firebase.auth.api.gms.service.START" />
119-->[com.google.firebase:firebase-auth:21.0.1] AndroidManifest.xml:69:17-89
119-->[com.google.firebase:firebase-auth:21.0.1] AndroidManifest.xml:69:25-86
120
121                <category android:name="android.intent.category.DEFAULT" />
121-->[com.google.firebase:firebase-auth:21.0.1] AndroidManifest.xml:36:17-76
121-->[com.google.firebase:firebase-auth:21.0.1] AndroidManifest.xml:36:27-73
122            </intent-filter>
123        </service>
124        <service
124-->[com.google.firebase:firebase-auth:21.0.1] AndroidManifest.xml:74:9-80:19
125            android:name="com.google.firebase.components.ComponentDiscoveryService"
125-->[com.google.firebase:firebase-auth:21.0.1] AndroidManifest.xml:75:13-84
126            android:directBootAware="true"
126-->[com.google.firebase:firebase-common:20.0.0] AndroidManifest.xml:35:13-43
127            android:exported="false" >
127-->[com.google.firebase:firebase-auth:21.0.1] AndroidManifest.xml:76:13-37
128            <meta-data
128-->[com.google.firebase:firebase-auth:21.0.1] AndroidManifest.xml:77:13-79:85
129                android:name="com.google.firebase.components:com.google.firebase.auth.FirebaseAuthRegistrar"
129-->[com.google.firebase:firebase-auth:21.0.1] AndroidManifest.xml:78:17-109
130                android:value="com.google.firebase.components.ComponentRegistrar" />
130-->[com.google.firebase:firebase-auth:21.0.1] AndroidManifest.xml:79:17-82
131            <meta-data
131-->[com.google.firebase:firebase-database:20.0.1] AndroidManifest.xml:32:13-34:85
132                android:name="com.google.firebase.components:com.google.firebase.database.DatabaseRegistrar"
132-->[com.google.firebase:firebase-database:20.0.1] AndroidManifest.xml:33:17-109
133                android:value="com.google.firebase.components.ComponentRegistrar" />
133-->[com.google.firebase:firebase-database:20.0.1] AndroidManifest.xml:34:17-82
134            <meta-data
134-->[com.google.firebase:firebase-storage:20.0.0] AndroidManifest.xml:33:13-35:85
135                android:name="com.google.firebase.components:com.google.firebase.storage.StorageRegistrar"
135-->[com.google.firebase:firebase-storage:20.0.0] AndroidManifest.xml:34:17-107
136                android:value="com.google.firebase.components.ComponentRegistrar" />
136-->[com.google.firebase:firebase-storage:20.0.0] AndroidManifest.xml:35:17-82
137            <meta-data
137-->[com.google.firebase:firebase-messaging:22.0.0] AndroidManifest.xml:52:13-54:85
138                android:name="com.google.firebase.components:com.google.firebase.messaging.FirebaseMessagingRegistrar"
138-->[com.google.firebase:firebase-messaging:22.0.0] AndroidManifest.xml:53:17-119
139                android:value="com.google.firebase.components.ComponentRegistrar" />
139-->[com.google.firebase:firebase-messaging:22.0.0] AndroidManifest.xml:54:17-82
140            <meta-data
140-->[com.google.firebase:firebase-config:21.0.1] AndroidManifest.xml:32:13-34:85
141                android:name="com.google.firebase.components:com.google.firebase.remoteconfig.RemoteConfigRegistrar"
141-->[com.google.firebase:firebase-config:21.0.1] AndroidManifest.xml:33:17-117
142                android:value="com.google.firebase.components.ComponentRegistrar" />
142-->[com.google.firebase:firebase-config:21.0.1] AndroidManifest.xml:34:17-82
143            <meta-data
143-->[com.google.firebase:firebase-datatransport:18.0.0] AndroidManifest.xml:28:13-30:85
144                android:name="com.google.firebase.components:com.google.firebase.datatransport.TransportRegistrar"
144-->[com.google.firebase:firebase-datatransport:18.0.0] AndroidManifest.xml:29:17-115
145                android:value="com.google.firebase.components.ComponentRegistrar" />
145-->[com.google.firebase:firebase-datatransport:18.0.0] AndroidManifest.xml:30:17-82
146            <meta-data
146-->[com.google.android.gms:play-services-measurement-api:19.0.0] AndroidManifest.xml:30:13-32:85
147                android:name="com.google.firebase.components:com.google.firebase.analytics.connector.internal.AnalyticsConnectorRegistrar"
147-->[com.google.android.gms:play-services-measurement-api:19.0.0] AndroidManifest.xml:31:17-139
148                android:value="com.google.firebase.components.ComponentRegistrar" />
148-->[com.google.android.gms:play-services-measurement-api:19.0.0] AndroidManifest.xml:32:17-82
149            <meta-data
149-->[com.google.firebase:firebase-abt:21.0.0] AndroidManifest.xml:13:13-15:85
150                android:name="com.google.firebase.components:com.google.firebase.abt.component.AbtRegistrar"
150-->[com.google.firebase:firebase-abt:21.0.0] AndroidManifest.xml:14:17-109
151                android:value="com.google.firebase.components.ComponentRegistrar" />
151-->[com.google.firebase:firebase-abt:21.0.0] AndroidManifest.xml:15:17-82
152            <meta-data
152-->[com.google.firebase:firebase-installations:17.0.0] AndroidManifest.xml:18:13-20:85
153                android:name="com.google.firebase.components:com.google.firebase.installations.FirebaseInstallationsRegistrar"
153-->[com.google.firebase:firebase-installations:17.0.0] AndroidManifest.xml:19:17-127
154                android:value="com.google.firebase.components.ComponentRegistrar" />
154-->[com.google.firebase:firebase-installations:17.0.0] AndroidManifest.xml:20:17-82
155        </service>
156
157        <receiver
157-->[com.google.firebase:firebase-messaging:22.0.0] AndroidManifest.xml:28:9-35:20
158            android:name="com.google.firebase.iid.FirebaseInstanceIdReceiver"
158-->[com.google.firebase:firebase-messaging:22.0.0] AndroidManifest.xml:29:13-78
159            android:exported="true"
159-->[com.google.firebase:firebase-messaging:22.0.0] AndroidManifest.xml:30:13-36
160            android:permission="com.google.android.c2dm.permission.SEND" >
160-->[com.google.firebase:firebase-messaging:22.0.0] AndroidManifest.xml:31:13-73
161            <intent-filter>
161-->[com.google.firebase:firebase-messaging:22.0.0] AndroidManifest.xml:32:13-34:29
162                <action android:name="com.google.android.c2dm.intent.RECEIVE" />
162-->[com.google.firebase:firebase-messaging:22.0.0] AndroidManifest.xml:33:17-81
162-->[com.google.firebase:firebase-messaging:22.0.0] AndroidManifest.xml:33:25-78
163            </intent-filter>
164        </receiver>
165        <!--
166             FirebaseMessagingService performs security checks at runtime,
167             but set to not exported to explicitly avoid allowing another app to call it.
168        -->
169        <service
169-->[com.google.firebase:firebase-messaging:22.0.0] AndroidManifest.xml:41:9-48:19
170            android:name="com.google.firebase.messaging.FirebaseMessagingService"
170-->[com.google.firebase:firebase-messaging:22.0.0] AndroidManifest.xml:42:13-82
171            android:directBootAware="true"
171-->[com.google.firebase:firebase-messaging:22.0.0] AndroidManifest.xml:43:13-43
172            android:exported="false" >
172-->[com.google.firebase:firebase-messaging:22.0.0] AndroidManifest.xml:44:13-37
173            <intent-filter android:priority="-500" >
173-->src/main/AndroidManifest.xml:54:13-56:29
174                <action android:name="com.google.firebase.MESSAGING_EVENT" />
174-->src/main/AndroidManifest.xml:55:17-78
174-->src/main/AndroidManifest.xml:55:25-75
175            </intent-filter>
176        </service>
177        <service
177-->[com.google.android.datatransport:transport-backend-cct:3.0.0] AndroidManifest.xml:29:9-35:19
178            android:name="com.google.android.datatransport.runtime.backends.TransportBackendDiscovery"
178-->[com.google.android.datatransport:transport-backend-cct:3.0.0] AndroidManifest.xml:30:13-103
179            android:exported="false" >
179-->[com.google.android.datatransport:transport-backend-cct:3.0.0] AndroidManifest.xml:31:13-37
180            <meta-data
180-->[com.google.android.datatransport:transport-backend-cct:3.0.0] AndroidManifest.xml:32:13-34:39
181                android:name="backend:com.google.android.datatransport.cct.CctBackendFactory"
181-->[com.google.android.datatransport:transport-backend-cct:3.0.0] AndroidManifest.xml:33:17-94
182                android:value="cct" />
182-->[com.google.android.datatransport:transport-backend-cct:3.0.0] AndroidManifest.xml:34:17-36
183        </service>
184
185        <provider
185-->[com.google.firebase:firebase-common:20.0.0] AndroidManifest.xml:26:9-31:39
186            android:name="com.google.firebase.provider.FirebaseInitProvider"
186-->[com.google.firebase:firebase-common:20.0.0] AndroidManifest.xml:27:13-77
187            android:authorities="com.mianasad.chatsapp.firebaseinitprovider"
187-->[com.google.firebase:firebase-common:20.0.0] AndroidManifest.xml:28:13-72
188            android:directBootAware="true"
188-->[com.google.firebase:firebase-common:20.0.0] AndroidManifest.xml:29:13-43
189            android:exported="false"
189-->[com.google.firebase:firebase-common:20.0.0] AndroidManifest.xml:30:13-37
190            android:initOrder="100" />
190-->[com.google.firebase:firebase-common:20.0.0] AndroidManifest.xml:31:13-36
191
192        <activity
192-->[com.google.android.gms:play-services-base:17.1.0] AndroidManifest.xml:23:9-26:75
193            android:name="com.google.android.gms.common.api.GoogleApiActivity"
193-->[com.google.android.gms:play-services-base:17.1.0] AndroidManifest.xml:24:13-79
194            android:exported="false"
194-->[com.google.android.gms:play-services-base:17.1.0] AndroidManifest.xml:25:13-37
195            android:theme="@android:style/Theme.Translucent.NoTitleBar" />
195-->[com.google.android.gms:play-services-base:17.1.0] AndroidManifest.xml:26:13-72
196
197        <receiver
197-->[com.google.android.gms:play-services-measurement:19.0.0] AndroidManifest.xml:29:9-33:20
198            android:name="com.google.android.gms.measurement.AppMeasurementReceiver"
198-->[com.google.android.gms:play-services-measurement:19.0.0] AndroidManifest.xml:30:13-85
199            android:enabled="true"
199-->[com.google.android.gms:play-services-measurement:19.0.0] AndroidManifest.xml:31:13-35
200            android:exported="false" >
200-->[com.google.android.gms:play-services-measurement:19.0.0] AndroidManifest.xml:32:13-37
201        </receiver>
202
203        <service
203-->[com.google.android.gms:play-services-measurement:19.0.0] AndroidManifest.xml:35:9-38:40
204            android:name="com.google.android.gms.measurement.AppMeasurementService"
204-->[com.google.android.gms:play-services-measurement:19.0.0] AndroidManifest.xml:36:13-84
205            android:enabled="true"
205-->[com.google.android.gms:play-services-measurement:19.0.0] AndroidManifest.xml:37:13-35
206            android:exported="false" />
206-->[com.google.android.gms:play-services-measurement:19.0.0] AndroidManifest.xml:38:13-37
207        <service
207-->[com.google.android.gms:play-services-measurement:19.0.0] AndroidManifest.xml:39:9-43:72
208            android:name="com.google.android.gms.measurement.AppMeasurementJobService"
208-->[com.google.android.gms:play-services-measurement:19.0.0] AndroidManifest.xml:40:13-87
209            android:enabled="true"
209-->[com.google.android.gms:play-services-measurement:19.0.0] AndroidManifest.xml:41:13-35
210            android:exported="false"
210-->[com.google.android.gms:play-services-measurement:19.0.0] AndroidManifest.xml:42:13-37
211            android:permission="android.permission.BIND_JOB_SERVICE" />
211-->[com.google.android.gms:play-services-measurement:19.0.0] AndroidManifest.xml:43:13-69
212
213        <meta-data
213-->[com.google.android.gms:play-services-basement:17.2.1] AndroidManifest.xml:23:9-25:69
214            android:name="com.google.android.gms.version"
214-->[com.google.android.gms:play-services-basement:17.2.1] AndroidManifest.xml:24:13-58
215            android:value="@integer/google_play_services_version" />
215-->[com.google.android.gms:play-services-basement:17.2.1] AndroidManifest.xml:25:13-66
216
217        <service
217-->[com.google.android.datatransport:transport-runtime:3.0.0] AndroidManifest.xml:26:9-30:19
218            android:name="com.google.android.datatransport.runtime.scheduling.jobscheduling.JobInfoSchedulerService"
218-->[com.google.android.datatransport:transport-runtime:3.0.0] AndroidManifest.xml:27:13-117
219            android:exported="false"
219-->[com.google.android.datatransport:transport-runtime:3.0.0] AndroidManifest.xml:28:13-37
220            android:permission="android.permission.BIND_JOB_SERVICE" >
220-->[com.google.android.datatransport:transport-runtime:3.0.0] AndroidManifest.xml:29:13-69
221        </service>
222
223        <receiver
223-->[com.google.android.datatransport:transport-runtime:3.0.0] AndroidManifest.xml:32:9-34:40
224            android:name="com.google.android.datatransport.runtime.scheduling.jobscheduling.AlarmManagerSchedulerBroadcastReceiver"
224-->[com.google.android.datatransport:transport-runtime:3.0.0] AndroidManifest.xml:33:13-132
225            android:exported="false" />
225-->[com.google.android.datatransport:transport-runtime:3.0.0] AndroidManifest.xml:34:13-37
226    </application>
227
228</manifest>